Using folder clinical_data
        Using clinical_data to classify
                Classifying using test set
                 Cannot use: could not convert string to float: 'Male'
        Using encoded_clinical_data to classify
                Classifying using test set
                Classifying using 5-Fold Cross Validation
                Classifying using undersampling
                Classifying using oversampling
                Classifying using test set and pca
                Classifying using 5-Fold Cross Validation and pca
                Classifying using undersampling and pca
                Classifying using oversampling and pca
        Using Encoded_Clinical_Data to classify
Using folder merged_data
        Using clinical_data_count to classify
                Classifying using test set
                Classifying using 5-Fold Cross Validation
                Classifying using undersampling
                Classifying using oversampling
                Classifying using test set and pca
                Classifying using 5-Fold Cross Validation and pca
                Classifying using undersampling and pca
                Classifying using oversampling and pca
        Using clinical_data_count_not_norm to classify
                Classifying using test set
                Classifying using 5-Fold Cross Validation
                Classifying using undersampling
                Classifying using oversampling
                Classifying using test set and pca
                Classifying using 5-Fold Cross Validation and pca
                Classifying using undersampling and pca
                Classifying using oversampling and pca
        Using clinical_data_mut to classify
                Classifying using test set
                Classifying using 5-Fold Cross Validation
                Classifying using undersampling
                Classifying using oversampling
                Classifying using test set and pca
                Classifying using 5-Fold Cross Validation and pca
                Classifying using undersampling and pca
                Classifying using oversampling and pca
        Using clinical_data_mut_count to classify
                Classifying using test set
                Classifying using 5-Fold Cross Validation
                Classifying using undersampling
                Classifying using oversampling
                Classifying using test set and pca
                Classifying using 5-Fold Cross Validation and pca
                Classifying using undersampling and pca
                Classifying using oversampling and pca
        Using clinical_data_mut_count_not_norm to classify
                Classifying using test set
                Classifying using 5-Fold Cross Validation
                Classifying using undersampling
                Classifying using oversampling
                Classifying using test set and pca
                Classifying using 5-Fold Cross Validation and pca
                Classifying using undersampling and pca
                Classifying using oversampling and pca
        Using clinical_data_mut_not_norm to classify
                Classifying using test set
                Classifying using 5-Fold Cross Validation
                Classifying using undersampling
                Classifying using oversampling
                Classifying using test set and pca
                Classifying using 5-Fold Cross Validation and pca
                Classifying using undersampling and pca
                Classifying using oversampling and pca
Using folder mutated_genes
        Using count_mut to classify
                Classifying using test set
                Classifying using 5-Fold Cross Validation
                Classifying using undersampling
                Classifying using oversampling
                Classifying using test set and pca
                 Cannot use: at least one array or dtype is required
        Using count_mut_not_norm to classify
                Classifying using test set
                Classifying using 5-Fold Cross Validation
                Classifying using undersampling
                Classifying using oversampling
                Classifying using test set and pca
                 Cannot use: at least one array or dtype is required
        Using mutated_genes to classify
                Classifying using test set
                Classifying using 5-Fold Cross Validation
                Classifying using undersampling
                Classifying using oversampling
                Classifying using test set and pca
                Classifying using 5-Fold Cross Validation and pca
                Classifying using undersampling and pca
                Classifying using oversampling and pca
        Using mutated_genes_not_norm to classify
                Classifying using test set
                Classifying using 5-Fold Cross Validation
                Classifying using undersampling
                Classifying using oversampling
                Classifying using test set and pca
                Classifying using 5-Fold Cross Validation and pca
                Classifying using undersampling and pca
                Classifying using oversampling and pca
